Command: C:\Python313\python.exe -m pytest C:\Users\benam\source\mcp\ghidra-mcp\scripts\test_mcp_tools_unit.py -v --tb=short --junitxml=test_results/unit_test_results.xml
Return code: 1
Duration: 1.65s

STDOUT:
============================= test session starts =============================
platform win32 -- Python 3.13.5, pytest-8.4.1, pluggy-1.6.0 -- C:\Python313\python.exe
cachedir: .pytest_cache
rootdir: C:\Users\benam\source\mcp\ghidra-mcp\scripts
plugins: anyio-4.10.0, asyncio-1.1.0
asyncio: mode=Mode.STRICT, asyncio_default_fixture_loop_scope=None, asyncio_default_test_loop_scope=function
collecting ... collected 51 items

test_mcp_tools_unit.py::TestNavigationTools::test_list_functions SKIPPED [  1%]
test_mcp_tools_unit.py::TestNavigationTools::test_list_classes SKIPPED   [  3%]
test_mcp_tools_unit.py::TestNavigationTools::test_list_segments SKIPPED  [  5%]
test_mcp_tools_unit.py::TestNavigationTools::test_list_imports SKIPPED   [  7%]
test_mcp_tools_unit.py::TestNavigationTools::test_list_exports SKIPPED   [  9%]
test_mcp_tools_unit.py::TestNavigationTools::test_list_namespaces SKIPPED [ 11%]
test_mcp_tools_unit.py::TestNavigationTools::test_list_methods SKIPPED   [ 13%]
test_mcp_tools_unit.py::TestNavigationTools::test_list_data_items SKIPPED [ 15%]
test_mcp_tools_unit.py::TestNavigationTools::test_list_strings SKIPPED   [ 17%]
test_mcp_tools_unit.py::TestNavigationTools::test_get_current_address SKIPPED [ 19%]
test_mcp_tools_unit.py::TestNavigationTools::test_get_current_function SKIPPED [ 21%]
test_mcp_tools_unit.py::TestNavigationTools::test_get_function_by_address SKIPPED [ 23%]
test_mcp_tools_unit.py::TestNavigationTools::test_list_globals SKIPPED   [ 25%]
test_mcp_tools_unit.py::TestNavigationTools::test_get_entry_points SKIPPED [ 27%]
test_mcp_tools_unit.py::TestAnalysisTools::test_decompile_function SKIPPED [ 29%]
test_mcp_tools_unit.py::TestAnalysisTools::test_decompile_function_by_address SKIPPED [ 31%]
test_mcp_tools_unit.py::TestAnalysisTools::test_disassemble_function SKIPPED [ 33%]
test_mcp_tools_unit.py::TestAnalysisTools::test_get_function_callees SKIPPED [ 35%]
test_mcp_tools_unit.py::TestAnalysisTools::test_get_function_callers SKIPPED [ 37%]
test_mcp_tools_unit.py::TestAnalysisTools::test_get_function_call_graph SKIPPED [ 39%]
test_mcp_tools_unit.py::TestAnalysisTools::test_get_function_jump_target_addresses SKIPPED [ 41%]
test_mcp_tools_unit.py::TestAnalysisTools::test_get_function_xrefs SKIPPED [ 43%]
test_mcp_tools_unit.py::TestAnalysisTools::test_get_xrefs_to SKIPPED     [ 45%]
test_mcp_tools_unit.py::TestAnalysisTools::test_get_xrefs_from SKIPPED   [ 47%]
test_mcp_tools_unit.py::TestAnalysisTools::test_get_full_call_graph SKIPPED [ 49%]
test_mcp_tools_unit.py::TestDataTools::test_list_data_types SKIPPED      [ 50%]
test_mcp_tools_unit.py::TestDataTools::test_create_struct SKIPPED (G...) [ 52%]
test_mcp_tools_unit.py::TestDataTools::test_create_enum SKIPPED (Ghi...) [ 54%]
test_mcp_tools_unit.py::TestDataTools::test_apply_data_type SKIPPED      [ 56%]
test_mcp_tools_unit.py::TestDataTools::test_get_type_size SKIPPED (G...) [ 58%]
test_mcp_tools_unit.py::TestDataTools::test_get_struct_layout SKIPPED    [ 60%]
test_mcp_tools_unit.py::TestDataTools::test_analyze_data_types SKIPPED   [ 62%]
test_mcp_tools_unit.py::TestDataTools::test_create_union SKIPPED (Gh...) [ 64%]
test_mcp_tools_unit.py::TestDataTools::test_auto_create_struct SKIPPED   [ 66%]
test_mcp_tools_unit.py::TestDataTools::test_get_enum_values SKIPPED      [ 68%]
test_mcp_tools_unit.py::TestDataTools::test_create_typedef SKIPPED (...) [ 70%]
test_mcp_tools_unit.py::TestDataTools::test_clone_data_type SKIPPED      [ 72%]
test_mcp_tools_unit.py::TestDataTools::test_validate_data_type SKIPPED   [ 74%]
test_mcp_tools_unit.py::TestSearchTools::test_search_functions_by_name SKIPPED [ 76%]
test_mcp_tools_unit.py::TestSearchTools::test_get_function_labels SKIPPED [ 78%]
test_mcp_tools_unit.py::TestSearchTools::test_search_data_types SKIPPED  [ 80%]
test_mcp_tools_unit.py::TestMetadataTools::test_check_connection FAILED  [ 82%]
test_mcp_tools_unit.py::TestMetadataTools::test_get_metadata SKIPPED     [ 84%]
test_mcp_tools_unit.py::TestMetadataTools::test_convert_number SKIPPED   [ 86%]
test_mcp_tools_unit.py::TestModificationTools::test_create_label SKIPPED [ 88%]
test_mcp_tools_unit.py::TestModificationTools::test_set_disassembly_comment SKIPPED [ 90%]
test_mcp_tools_unit.py::TestModificationTools::test_set_decompiler_comment SKIPPED [ 92%]
test_mcp_tools_unit.py::TestModificationTools::test_rename_function SKIPPED [ 94%]
test_mcp_tools_unit.py::TestExportTools::test_export_data_types SKIPPED  [ 96%]
test_mcp_tools_unit.py::TestExportTools::test_import_data_types SKIPPED  [ 98%]
test_mcp_tools_unit.py::TestMemoryTools::test_read_memory SKIPPED (G...) [100%]

================================== FAILURES ===================================
___________________ TestMetadataTools.test_check_connection ___________________
test_mcp_tools_unit.py:384: in test_check_connection
    assert success, f"Request failed: {response}"
E   AssertionError: Request failed: <h1>404 Not Found</h1>No context found for request
E   assert False
============================== warnings summary ===============================
test_mcp_tools_unit.py:480
  C:\Users\benam\source\mcp\ghidra-mcp\scripts\test_mcp_tools_unit.py:480: PytestUnknownMarkWarning: Unknown pytest.mark.integration - is this a typo?  You can register custom marks to avoid this warning - for details, see https://docs.pytest.org/en/stable/how-to/mark.html
    pytestmark = pytest.mark.integration

-- Docs: https://docs.pytest.org/en/stable/how-to/capture-warnings.html
- generated xml file: C:\Users\benam\source\mcp\ghidra-mcp\scripts\test_results\unit_test_results.xml -
=========================== short test summary info ===========================
FAILED test_mcp_tools_unit.py::TestMetadataTools::test_check_connection - Ass...
================== 1 failed, 50 skipped, 1 warning in 0.90s ===================

STDERR:
