<?xml version="1.0" encoding="utf-8"?><testsuites name="pytest tests"><testsuite name="pytest" errors="0" failures="1" skipped="50" tests="51" time="0.833" timestamp="2025-09-23T00:42:25.533830-05:00" hostname="Ben-PC"><testcase classname="test_mcp_tools_unit.TestNavigationTools" name="test_list_functions" time="0.004"><skipped type="pytest.skip" message="Ghidra server not available at http://127.0.0.1:8089/">C:\Users\benam\source\mcp\ghidra-mcp\scripts\test_mcp_tools_unit.py:72: Ghidra server not available at http://127.0.0.1:8089/</skipped></testcase><testcase classname="test_mcp_tools_unit.TestNavigationTools" name="test_list_classes" time="0.000"><skipped type="pytest.skip" message="Ghidra server not available at http://127.0.0.1:8089/">C:\Users\benam\source\mcp\ghidra-mcp\scripts\test_mcp_tools_unit.py:81: Ghidra server not available at http://127.0.0.1:8089/</skipped></testcase><testcase classname="test_mcp_tools_unit.TestNavigationTools" name="test_list_segments" time="0.000"><skipped type="pytest.skip" message="Ghidra server not available at http://127.0.0.1:8089/">C:\Users\benam\source\mcp\ghidra-mcp\scripts\test_mcp_tools_unit.py:87: Ghidra server not available at http://127.0.0.1:8089/</skipped></testcase><testcase classname="test_mcp_tools_unit.TestNavigationTools" name="test_list_imports" time="0.000"><skipped type="pytest.skip" message="Ghidra server not available at http://127.0.0.1:8089/">C:\Users\benam\source\mcp\ghidra-mcp\scripts\test_mcp_tools_unit.py:93: Ghidra server not available at http://127.0.0.1:8089/</skipped></testcase><testcase classname="test_mcp_tools_unit.TestNavigationTools" name="test_list_exports" time="0.000"><skipped type="pytest.skip" message="Ghidra server not available at http://127.0.0.1:8089/">C:\Users\benam\source\mcp\ghidra-mcp\scripts\test_mcp_tools_unit.py:99: Ghidra server not available at http://127.0.0.1:8089/</skipped></testcase><testcase classname="test_mcp_tools_unit.TestNavigationTools" name="test_list_namespaces" time="0.000"><skipped type="pytest.skip" message="Ghidra server not available at http://127.0.0.1:8089/">C:\Users\benam\source\mcp\ghidra-mcp\scripts\test_mcp_tools_unit.py:105: Ghidra server not available at http://127.0.0.1:8089/</skipped></testcase><testcase classname="test_mcp_tools_unit.TestNavigationTools" name="test_list_methods" time="0.000"><skipped type="pytest.skip" message="Ghidra server not available at http://127.0.0.1:8089/">C:\Users\benam\source\mcp\ghidra-mcp\scripts\test_mcp_tools_unit.py:111: Ghidra server not available at http://127.0.0.1:8089/</skipped></testcase><testcase classname="test_mcp_tools_unit.TestNavigationTools" name="test_list_data_items" time="0.000"><skipped type="pytest.skip" message="Ghidra server not available at http://127.0.0.1:8089/">C:\Users\benam\source\mcp\ghidra-mcp\scripts\test_mcp_tools_unit.py:117: Ghidra server not available at http://127.0.0.1:8089/</skipped></testcase><testcase classname="test_mcp_tools_unit.TestNavigationTools" name="test_list_strings" time="0.000"><skipped type="pytest.skip" message="Ghidra server not available at http://127.0.0.1:8089/">C:\Users\benam\source\mcp\ghidra-mcp\scripts\test_mcp_tools_unit.py:123: Ghidra server not available at http://127.0.0.1:8089/</skipped></testcase><testcase classname="test_mcp_tools_unit.TestNavigationTools" name="test_get_current_address" time="0.000"><skipped type="pytest.skip" message="Ghidra server not available at http://127.0.0.1:8089/">C:\Users\benam\source\mcp\ghidra-mcp\scripts\test_mcp_tools_unit.py:129: Ghidra server not available at http://127.0.0.1:8089/</skipped></testcase><testcase classname="test_mcp_tools_unit.TestNavigationTools" name="test_get_current_function" time="0.000"><skipped type="pytest.skip" message="Ghidra server not available at http://127.0.0.1:8089/">C:\Users\benam\source\mcp\ghidra-mcp\scripts\test_mcp_tools_unit.py:135: Ghidra server not available at http://127.0.0.1:8089/</skipped></testcase><testcase classname="test_mcp_tools_unit.TestNavigationTools" name="test_get_function_by_address" time="0.000"><skipped type="pytest.skip" message="Ghidra server not available at http://127.0.0.1:8089/">C:\Users\benam\source\mcp\ghidra-mcp\scripts\test_mcp_tools_unit.py:141: Ghidra server not available at http://127.0.0.1:8089/</skipped></testcase><testcase classname="test_mcp_tools_unit.TestNavigationTools" name="test_list_globals" time="0.000"><skipped type="pytest.skip" message="Ghidra server not available at http://127.0.0.1:8089/">C:\Users\benam\source\mcp\ghidra-mcp\scripts\test_mcp_tools_unit.py:148: Ghidra server not available at http://127.0.0.1:8089/</skipped></testcase><testcase classname="test_mcp_tools_unit.TestNavigationTools" name="test_get_entry_points" time="0.000"><skipped type="pytest.skip" message="Ghidra server not available at http://127.0.0.1:8089/">C:\Users\benam\source\mcp\ghidra-mcp\scripts\test_mcp_tools_unit.py:154: Ghidra server not available at http://127.0.0.1:8089/</skipped></testcase><testcase classname="test_mcp_tools_unit.TestAnalysisTools" name="test_decompile_function" time="0.000"><skipped type="pytest.skip" message="Ghidra server not available at http://127.0.0.1:8089/">C:\Users\benam\source\mcp\ghidra-mcp\scripts\test_mcp_tools_unit.py:163: Ghidra server not available at http://127.0.0.1:8089/</skipped></testcase><testcase classname="test_mcp_tools_unit.TestAnalysisTools" name="test_decompile_function_by_address" time="0.000"><skipped type="pytest.skip" message="Ghidra server not available at http://127.0.0.1:8089/">C:\Users\benam\source\mcp\ghidra-mcp\scripts\test_mcp_tools_unit.py:169: Ghidra server not available at http://127.0.0.1:8089/</skipped></testcase><testcase classname="test_mcp_tools_unit.TestAnalysisTools" name="test_disassemble_function" time="0.000"><skipped type="pytest.skip" message="Ghidra server not available at http://127.0.0.1:8089/">C:\Users\benam\source\mcp\ghidra-mcp\scripts\test_mcp_tools_unit.py:175: Ghidra server not available at http://127.0.0.1:8089/</skipped></testcase><testcase classname="test_mcp_tools_unit.TestAnalysisTools" name="test_get_function_callees" time="0.000"><skipped type="pytest.skip" message="Ghidra server not available at http://127.0.0.1:8089/">C:\Users\benam\source\mcp\ghidra-mcp\scripts\test_mcp_tools_unit.py:181: Ghidra server not available at http://127.0.0.1:8089/</skipped></testcase><testcase classname="test_mcp_tools_unit.TestAnalysisTools" name="test_get_function_callers" time="0.000"><skipped type="pytest.skip" message="Ghidra server not available at http://127.0.0.1:8089/">C:\Users\benam\source\mcp\ghidra-mcp\scripts\test_mcp_tools_unit.py:188: Ghidra server not available at http://127.0.0.1:8089/</skipped></testcase><testcase classname="test_mcp_tools_unit.TestAnalysisTools" name="test_get_function_call_graph" time="0.000"><skipped type="pytest.skip" message="Ghidra server not available at http://127.0.0.1:8089/">C:\Users\benam\source\mcp\ghidra-mcp\scripts\test_mcp_tools_unit.py:195: Ghidra server not available at http://127.0.0.1:8089/</skipped></testcase><testcase classname="test_mcp_tools_unit.TestAnalysisTools" name="test_get_function_jump_target_addresses" time="0.000"><skipped type="pytest.skip" message="Ghidra server not available at http://127.0.0.1:8089/">C:\Users\benam\source\mcp\ghidra-mcp\scripts\test_mcp_tools_unit.py:202: Ghidra server not available at http://127.0.0.1:8089/</skipped></testcase><testcase classname="test_mcp_tools_unit.TestAnalysisTools" name="test_get_function_xrefs" time="0.000"><skipped type="pytest.skip" message="Ghidra server not available at http://127.0.0.1:8089/">C:\Users\benam\source\mcp\ghidra-mcp\scripts\test_mcp_tools_unit.py:209: Ghidra server not available at http://127.0.0.1:8089/</skipped></testcase><testcase classname="test_mcp_tools_unit.TestAnalysisTools" name="test_get_xrefs_to" time="0.000"><skipped type="pytest.skip" message="Ghidra server not available at http://127.0.0.1:8089/">C:\Users\benam\source\mcp\ghidra-mcp\scripts\test_mcp_tools_unit.py:216: Ghidra server not available at http://127.0.0.1:8089/</skipped></testcase><testcase classname="test_mcp_tools_unit.TestAnalysisTools" name="test_get_xrefs_from" time="0.000"><skipped type="pytest.skip" message="Ghidra server not available at http://127.0.0.1:8089/">C:\Users\benam\source\mcp\ghidra-mcp\scripts\test_mcp_tools_unit.py:223: Ghidra server not available at http://127.0.0.1:8089/</skipped></testcase><testcase classname="test_mcp_tools_unit.TestAnalysisTools" name="test_get_full_call_graph" time="0.000"><skipped type="pytest.skip" message="Ghidra server not available at http://127.0.0.1:8089/">C:\Users\benam\source\mcp\ghidra-mcp\scripts\test_mcp_tools_unit.py:230: Ghidra server not available at http://127.0.0.1:8089/</skipped></testcase><testcase classname="test_mcp_tools_unit.TestDataTools" name="test_list_data_types" time="0.000"><skipped type="pytest.skip" message="Ghidra server not available at http://127.0.0.1:8089/">C:\Users\benam\source\mcp\ghidra-mcp\scripts\test_mcp_tools_unit.py:240: Ghidra server not available at http://127.0.0.1:8089/</skipped></testcase><testcase classname="test_mcp_tools_unit.TestDataTools" name="test_create_struct" time="0.000"><skipped type="pytest.skip" message="Ghidra server not available at http://127.0.0.1:8089/">C:\Users\benam\source\mcp\ghidra-mcp\scripts\test_mcp_tools_unit.py:249: Ghidra server not available at http://127.0.0.1:8089/</skipped></testcase><testcase classname="test_mcp_tools_unit.TestDataTools" name="test_create_enum" time="0.000"><skipped type="pytest.skip" message="Ghidra server not available at http://127.0.0.1:8089/">C:\Users\benam\source\mcp\ghidra-mcp\scripts\test_mcp_tools_unit.py:259: Ghidra server not available at http://127.0.0.1:8089/</skipped></testcase><testcase classname="test_mcp_tools_unit.TestDataTools" name="test_apply_data_type" time="0.000"><skipped type="pytest.skip" message="Ghidra server not available at http://127.0.0.1:8089/">C:\Users\benam\source\mcp\ghidra-mcp\scripts\test_mcp_tools_unit.py:270: Ghidra server not available at http://127.0.0.1:8089/</skipped></testcase><testcase classname="test_mcp_tools_unit.TestDataTools" name="test_get_type_size" time="0.000"><skipped type="pytest.skip" message="Ghidra server not available at http://127.0.0.1:8089/">C:\Users\benam\source\mcp\ghidra-mcp\scripts\test_mcp_tools_unit.py:281: Ghidra server not available at http://127.0.0.1:8089/</skipped></testcase><testcase classname="test_mcp_tools_unit.TestDataTools" name="test_get_struct_layout" time="0.000"><skipped type="pytest.skip" message="Ghidra server not available at http://127.0.0.1:8089/">C:\Users\benam\source\mcp\ghidra-mcp\scripts\test_mcp_tools_unit.py:290: Ghidra server not available at http://127.0.0.1:8089/</skipped></testcase><testcase classname="test_mcp_tools_unit.TestDataTools" name="test_analyze_data_types" time="0.000"><skipped type="pytest.skip" message="Ghidra server not available at http://127.0.0.1:8089/">C:\Users\benam\source\mcp\ghidra-mcp\scripts\test_mcp_tools_unit.py:297: Ghidra server not available at http://127.0.0.1:8089/</skipped></testcase><testcase classname="test_mcp_tools_unit.TestDataTools" name="test_create_union" time="0.000"><skipped type="pytest.skip" message="Ghidra server not available at http://127.0.0.1:8089/">C:\Users\benam\source\mcp\ghidra-mcp\scripts\test_mcp_tools_unit.py:304: Ghidra server not available at http://127.0.0.1:8089/</skipped></testcase><testcase classname="test_mcp_tools_unit.TestDataTools" name="test_auto_create_struct" time="0.000"><skipped type="pytest.skip" message="Ghidra server not available at http://127.0.0.1:8089/">C:\Users\benam\source\mcp\ghidra-mcp\scripts\test_mcp_tools_unit.py:313: Ghidra server not available at http://127.0.0.1:8089/</skipped></testcase><testcase classname="test_mcp_tools_unit.TestDataTools" name="test_get_enum_values" time="0.000"><skipped type="pytest.skip" message="Ghidra server not available at http://127.0.0.1:8089/">C:\Users\benam\source\mcp\ghidra-mcp\scripts\test_mcp_tools_unit.py:323: Ghidra server not available at http://127.0.0.1:8089/</skipped></testcase><testcase classname="test_mcp_tools_unit.TestDataTools" name="test_create_typedef" time="0.000"><skipped type="pytest.skip" message="Ghidra server not available at http://127.0.0.1:8089/">C:\Users\benam\source\mcp\ghidra-mcp\scripts\test_mcp_tools_unit.py:329: Ghidra server not available at http://127.0.0.1:8089/</skipped></testcase><testcase classname="test_mcp_tools_unit.TestDataTools" name="test_clone_data_type" time="0.000"><skipped type="pytest.skip" message="Ghidra server not available at http://127.0.0.1:8089/">C:\Users\benam\source\mcp\ghidra-mcp\scripts\test_mcp_tools_unit.py:338: Ghidra server not available at http://127.0.0.1:8089/</skipped></testcase><testcase classname="test_mcp_tools_unit.TestDataTools" name="test_validate_data_type" time="0.000"><skipped type="pytest.skip" message="Ghidra server not available at http://127.0.0.1:8089/">C:\Users\benam\source\mcp\ghidra-mcp\scripts\test_mcp_tools_unit.py:347: Ghidra server not available at http://127.0.0.1:8089/</skipped></testcase><testcase classname="test_mcp_tools_unit.TestSearchTools" name="test_search_functions_by_name" time="0.000"><skipped type="pytest.skip" message="Ghidra server not available at http://127.0.0.1:8089/">C:\Users\benam\source\mcp\ghidra-mcp\scripts\test_mcp_tools_unit.py:357: Ghidra server not available at http://127.0.0.1:8089/</skipped></testcase><testcase classname="test_mcp_tools_unit.TestSearchTools" name="test_get_function_labels" time="0.001"><skipped type="pytest.skip" message="Ghidra server not available at http://127.0.0.1:8089/">C:\Users\benam\source\mcp\ghidra-mcp\scripts\test_mcp_tools_unit.py:364: Ghidra server not available at http://127.0.0.1:8089/</skipped></testcase><testcase classname="test_mcp_tools_unit.TestSearchTools" name="test_search_data_types" time="0.000"><skipped type="pytest.skip" message="Ghidra server not available at http://127.0.0.1:8089/">C:\Users\benam\source\mcp\ghidra-mcp\scripts\test_mcp_tools_unit.py:371: Ghidra server not available at http://127.0.0.1:8089/</skipped></testcase><testcase classname="test_mcp_tools_unit.TestMetadataTools" name="test_check_connection" time="0.003"><failure message="AssertionError: Request failed: &lt;h1&gt;404 Not Found&lt;/h1&gt;No context found for request&#10;assert False">test_mcp_tools_unit.py:384: in test_check_connection
    assert success, f"Request failed: {response}"
E   AssertionError: Request failed: &lt;h1&gt;404 Not Found&lt;/h1&gt;No context found for request
E   assert False</failure></testcase><testcase classname="test_mcp_tools_unit.TestMetadataTools" name="test_get_metadata" time="0.000"><skipped type="pytest.skip" message="Ghidra server not available at http://127.0.0.1:8089/">C:\Users\benam\source\mcp\ghidra-mcp\scripts\test_mcp_tools_unit.py:388: Ghidra server not available at http://127.0.0.1:8089/</skipped></testcase><testcase classname="test_mcp_tools_unit.TestMetadataTools" name="test_convert_number" time="0.000"><skipped type="pytest.skip" message="Ghidra server not available at http://127.0.0.1:8089/">C:\Users\benam\source\mcp\ghidra-mcp\scripts\test_mcp_tools_unit.py:394: Ghidra server not available at http://127.0.0.1:8089/</skipped></testcase><testcase classname="test_mcp_tools_unit.TestModificationTools" name="test_create_label" time="0.000"><skipped type="pytest.skip" message="Ghidra server not available at http://127.0.0.1:8089/">C:\Users\benam\source\mcp\ghidra-mcp\scripts\test_mcp_tools_unit.py:407: Ghidra server not available at http://127.0.0.1:8089/</skipped></testcase><testcase classname="test_mcp_tools_unit.TestModificationTools" name="test_set_disassembly_comment" time="0.000"><skipped type="pytest.skip" message="Ghidra server not available at http://127.0.0.1:8089/">C:\Users\benam\source\mcp\ghidra-mcp\scripts\test_mcp_tools_unit.py:417: Ghidra server not available at http://127.0.0.1:8089/</skipped></testcase><testcase classname="test_mcp_tools_unit.TestModificationTools" name="test_set_decompiler_comment" time="0.001"><skipped type="pytest.skip" message="Ghidra server not available at http://127.0.0.1:8089/">C:\Users\benam\source\mcp\ghidra-mcp\scripts\test_mcp_tools_unit.py:426: Ghidra server not available at http://127.0.0.1:8089/</skipped></testcase><testcase classname="test_mcp_tools_unit.TestModificationTools" name="test_rename_function" time="0.000"><skipped type="pytest.skip" message="Ghidra server not available at http://127.0.0.1:8089/">C:\Users\benam\source\mcp\ghidra-mcp\scripts\test_mcp_tools_unit.py:435: Ghidra server not available at http://127.0.0.1:8089/</skipped></testcase><testcase classname="test_mcp_tools_unit.TestExportTools" name="test_export_data_types" time="0.000"><skipped type="pytest.skip" message="Ghidra server not available at http://127.0.0.1:8089/">C:\Users\benam\source\mcp\ghidra-mcp\scripts\test_mcp_tools_unit.py:448: Ghidra server not available at http://127.0.0.1:8089/</skipped></testcase><testcase classname="test_mcp_tools_unit.TestExportTools" name="test_import_data_types" time="0.000"><skipped type="pytest.skip" message="Ghidra server not available at http://127.0.0.1:8089/">C:\Users\benam\source\mcp\ghidra-mcp\scripts\test_mcp_tools_unit.py:458: Ghidra server not available at http://127.0.0.1:8089/</skipped></testcase><testcase classname="test_mcp_tools_unit.TestMemoryTools" name="test_read_memory" time="0.001"><skipped type="pytest.skip" message="Ghidra server not available at http://127.0.0.1:8089/">C:\Users\benam\source\mcp\ghidra-mcp\scripts\test_mcp_tools_unit.py:471: Ghidra server not available at http://127.0.0.1:8089/</skipped></testcase></testsuite></testsuites>